B <15:28:13> Fail to Open TTB File!(1201.ttb)
B <15:28:13> Fail to Open TTB File!(1201.ttb)
B <15:28:13> Fail to Open TTB File!(307.ttb)
B <15:28:14> Fail to Open TTB File!(307.ttb)
B <15:28:14> Fail to Open TTB File!(514.ttb)
B <15:28:14> Fail to Open TTB File!(514.ttb)
B <15:28:14> Fail to Open TTB File!(402.ttb)
B <15:28:14> Fail to Open TTB File!(402.ttb)
B <15:28:14> Fail to Open TTB File!(105.ttb)
B <15:28:14> Fail to Open TTB File!(105.ttb)
B <15:28:14> Fail to Open TTB File!(511.ttb)
B <15:28:14> Fail to Open TTB File!(511.ttb)
B <15:28:14> Fail to Open TTB File!(308.ttb)
B <15:28:14> Fail to Open TTB File!(308.ttb)
B <15:28:14> Fail to Open TTB File!(403.ttb)
B <15:28:14> Fail to Open TTB File!(403.ttb)
B <15:28:14> Fail to Open TTB File!(310.ttb)
B <15:28:14> Fail to Open TTB File!(310.ttb)
B <15:28:14> Fail to Open TTB File!(105.ttb)
B <15:28:14> Fail to Open TTB File!(105.ttb)
B <15:28:14> Fail to Open TTB File!(113.ttb)
B <15:28:14> Fail to Open TTB File!(113.ttb)
B <15:28:14> Fail to Open TTB File!(307.ttb)
B <15:28:14> Fail to Open TTB File!(307.ttb)
B <15:28:14> Fail to Open TTB File!(602.ttb)
B <15:28:14> Fail to Open TTB File!(602.ttb)
B <15:28:14> Fail to Open TTB File!(609.ttb)
B <15:28:14> Fail to Open TTB File!(609.ttb)
B <15:28:14> Fail to Open TTB File!(610.ttb)
B <15:28:14> Fail to Open TTB File!(610.ttb)
B <15:28:14> Fail To Connect WorldServer! (IP:, Port:0)
C <15:28:45> ########### CorumZero Online - Dungeon Server Started! ###########
C <15:36:42> Start reload dungeonserver data!
C <15:36:43> End reload dungeonserver data!
C <15:40:41> Exp Gain : 100
