B <18:33:48> Fail to Open TTB File!(307.ttb)
B <18:33:48> Fail to Open TTB File!(307.ttb)
B <18:33:48> Fail to Open TTB File!(514.ttb)
B <18:33:48> Fail to Open TTB File!(514.ttb)
B <18:33:48> Fail to Open TTB File!(402.ttb)
B <18:33:48> Fail to Open TTB File!(402.ttb)
B <18:33:48> Fail to Open TTB File!(105.ttb)
B <18:33:49> Fail to Open TTB File!(105.ttb)
B <18:33:49> Fail to Open TTB File!(511.ttb)
B <18:33:49> Fail to Open TTB File!(511.ttb)
B <18:33:49> Fail to Open TTB File!(308.ttb)
B <18:33:49> Fail to Open TTB File!(308.ttb)
B <18:33:49> Fail to Open TTB File!(403.ttb)
B <18:33:49> Fail to Open TTB File!(403.ttb)
B <18:33:49> Fail to Open TTB File!(310.ttb)
B <18:33:49> Fail to Open TTB File!(310.ttb)
B <18:33:49> Fail to Open TTB File!(105.ttb)
B <18:33:49> Fail to Open TTB File!(105.ttb)
B <18:33:49> Fail to Open TTB File!(113.ttb)
B <18:33:49> Fail to Open TTB File!(113.ttb)
B <18:33:49> Fail to Open TTB File!(307.ttb)
B <18:33:49> Fail to Open TTB File!(307.ttb)
B <18:33:49> Fail to Open TTB File!(602.ttb)
B <18:33:49> Fail to Open TTB File!(602.ttb)
B <18:33:49> Fail to Open TTB File!(609.ttb)
B <18:33:49> Fail to Open TTB File!(609.ttb)
B <18:33:49> Fail to Open TTB File!(610.ttb)
B <18:33:49> Fail to Open TTB File!(610.ttb)
B <18:33:49> Fail to Open TTB File!(603.ttb)
B <18:33:49> Fail to Open TTB File!(603.ttb)
B <18:33:49> Fail To Connect WorldServer! (IP:, Port:0)
C <18:34:22> ########### CorumZero Online - Dungeon Server Started! ###########
C <18:36:21> ########### CorumZero Online - Dungeon Server Started! ###########
B <18:52:41> [Before Die] Name : test1 Criminal : 10521, Level : 80 exp : 12543585, decExpItem : 0, IncExpItem : 0
B <18:52:41> [After Die] Name : test1 Criminal : 10521, Level : 80 exp : 12543585
