C <17:31:42> ########### CorumZero Online - Dungeon Server Started! ###########
G <17:35:20> UpdateUserDB Name : ¿ñµ¶, Level : 63, Exp : 4478499
C <17:35:37> User that has invalid dungeon layer Entered!(Name:¿ñµ¶)
C <17:42:48> Start reload dungeonserver data!
C <17:42:48> End reload dungeonserver data!
C <17:44:37> Start reload dungeonserver data!
C <17:44:37> End reload dungeonserver data!
C <17:50:40> Start reload dungeonserver data!
C <17:50:40> End reload dungeonserver data!
C <17:58:20> Start reload dungeonserver data!
C <17:58:20> End reload dungeonserver data!
B <18:43:41> [Before Die] Name : ðQÖ®ÀûÈÐ Criminal : 710, Level : 35 exp : 386297, decExpItem : 0, IncExpItem : 0
B <18:43:41> [After Die] Name : ðQÖ®ÀûÈÐ Criminal : 710, Level : 35 exp : 384887
B <18:44:10> [Before Die] Name : ðQÖ®ÀûÈÐ Criminal : 710, Level : 35 exp : 386443, decExpItem : 0, IncExpItem : 0
B <18:44:10> [After Die] Name : ðQÖ®ÀûÈÐ Criminal : 710, Level : 35 exp : 385033
G <18:47:58> UpdateUserDB Name : ¿ñµ¶, Level : 66, Exp : 5260309
C <18:48:29> User that has invalid dungeon layer Entered!(Name:¿ñµ¶)
B <19:33:58> [Before Die] Name : ËªÖ®Ë¥ÉË Criminal : 1276, Level : 50 exp : 1829658, decExpItem : 0, IncExpItem : 0
B <19:33:58> [After Die] Name : ËªÖ®Ë¥ÉË Criminal : 1276, Level : 50 exp : 1825398
B <19:38:07> [Before Die] Name : ËªÖ®Ë¥ÉË Criminal : 1401, Level : 51 exp : 1867451, decExpItem : 0, IncExpItem : 0
B <19:38:07> [After Die] Name : ËªÖ®Ë¥ÉË Criminal : 1401, Level : 51 exp : 1862921
B <19:39:11> [Before Die] Name : ËªÖ®Ë¥ÉË Criminal : 1401, Level : 51 exp : 1862921, decExpItem : 0, IncExpItem : 0
B <19:39:11> [After Die] Name : ËªÖ®Ë¥ÉË Criminal : 1401, Level : 51 exp : 1858391
B <19:40:05> [Before Die] Name : ËªÖ®Ë¥ÉË Criminal : 1409, Level : 51 exp : 1860009, decExpItem : 0, IncExpItem : 0
B <19:40:05> [After Die] Name : ËªÖ®Ë¥ÉË Criminal : 1409, Level : 51 exp : 1855479
B <19:40:50> [Before Die] Name : ËªÖ®Ë¥ÉË Criminal : 1409, Level : 51 exp : 1856543, decExpItem : 0, IncExpItem : 0
B <19:40:50> [After Die] Name : ËªÖ®Ë¥ÉË Criminal : 1409, Level : 51 exp : 1852013
B <19:41:26> [Before Die] Name : ËªÖ®Ë¥ÉË Criminal : 1409, Level : 51 exp : 1852545, decExpItem : 0, IncExpItem : 0
B <19:41:26> [After Die] Name : ËªÖ®Ë¥ÉË Criminal : 1409, Level : 51 exp : 1850000
B <19:42:00> [Before Die] Name : ËªÖ®Ë¥ÉË Criminal : 1409, Level : 51 exp : 1850000, decExpItem : 0, IncExpItem : 0
B <19:42:00> [After Die] Name : ËªÖ®Ë¥ÉË Criminal : 1409, Level : 51 exp : 1850000
B <19:42:31> [Before Die] Name : ËªÖ®Ë¥ÉË Criminal : 1409, Level : 51 exp : 1850000, decExpItem : 0, IncExpItem : 0
B <19:42:31> [After Die] Name : ËªÖ®Ë¥ÉË Criminal : 1409, Level : 51 exp : 1850000
B <19:47:02> [Before Die] Name : ËªÖ®Ë¥ÉË Criminal : 1433, Level : 51 exp : 1863374, decExpItem : 0, IncExpItem : 0
B <19:47:02> [After Die] Name : ËªÖ®Ë¥ÉË Criminal : 1433, Level : 51 exp : 1858844
B <19:51:58> [Before Die] Name : ËªÖ®Ë¥ÉË Criminal : 1537, Level : 51 exp : 1894114, decExpItem : 0, IncExpItem : 0
B <19:51:58> [After Die] Name : ËªÖ®Ë¥ÉË Criminal : 1537, Level : 51 exp : 1889584
B <19:54:38> [Before Die] Name : ËªÖ®Ë¥ÉË Criminal : 1537, Level : 51 exp : 1890116, decExpItem : 0, IncExpItem : 0
B <19:54:38> [After Die] Name : ËªÖ®Ë¥ÉË Criminal : 1537, Level : 51 exp : 1885586
B <19:55:19> [Before Die] Name : ËªÖ®Ë¥ÉË Criminal : 1537, Level : 51 exp : 1885586, decExpItem : 0, IncExpItem : 0
B <19:55:19> [After Die] Name : ËªÖ®Ë¥ÉË Criminal : 1537, Level : 51 exp : 1881056
B <19:56:08> [Before Die] Name : ËªÖ®Ë¥ÉË Criminal : 1537, Level : 51 exp : 1881056, decExpItem : 0, IncExpItem : 0
B <19:56:08> [After Die] Name : ËªÖ®Ë¥ÉË Criminal : 1537, Level : 51 exp : 1876526
G <20:46:04> UpdateUserDB Name : ¿ñµ¶, Level : 68, Exp : 6309556
C <20:48:33> User that has invalid dungeon layer Entered!(Name:¿ñµ¶)
B <20:59:03> [Before Die] Name : OosysoO Criminal : 861, Level : 43 exp : 997888, decExpItem : 0, IncExpItem : 0
B <20:59:03> [After Die] Name : OosysoO Criminal : 861, Level : 43 exp : 995068
B <21:13:07> [Before Die] Name : SOSME Criminal : 1700, Level : 50 exp : 1708000, decExpItem : 0, IncExpItem : 0
B <21:13:07> [After Die] Name : SOSME Criminal : 1700, Level : 50 exp : 1708000
B <21:13:32> [Before Die] Name : SOSME Criminal : 1700, Level : 50 exp : 1708000, decExpItem : 0, IncExpItem : 0
B <21:13:32> [After Die] Name : SOSME Criminal : 1700, Level : 50 exp : 1708000
B <21:14:35> [Before Die] Name : SOSME Criminal : 1700, Level : 50 exp : 1708000, decExpItem : 0, IncExpItem : 0
B <21:14:35> [After Die] Name : SOSME Criminal : 1700, Level : 50 exp : 1708000
B <21:15:17> [Before Die] Name : SOSME Criminal : 1700, Level : 50 exp : 1708000, decExpItem : 0, IncExpItem : 0
B <21:15:17> [After Die] Name : SOSME Criminal : 1700, Level : 50 exp : 1708000
B <21:16:12> [Before Die] Name : Ïã½¶Äã¸ö°Ìðø Criminal : 2846, Level : 50 exp : 1793383, decExpItem : 0, IncExpItem : 0
B <21:16:12> [After Die] Name : Ïã½¶Äã¸ö°Ìðø Criminal : 2846, Level : 50 exp : 1789123
B <21:18:35> [Before Die] Name : SOSME Criminal : 1700, Level : 50 exp : 1708000, decExpItem : 0, IncExpItem : 0
B <21:18:35> [After Die] Name : SOSME Criminal : 1700, Level : 50 exp : 1708000
B <21:21:17> [Before Die] Name : OosysoO Criminal : 985, Level : 44 exp : 1024479, decExpItem : 0, IncExpItem : 0
B <21:21:17> [After Die] Name : OosysoO Criminal : 985, Level : 44 exp : 1021479
B <21:25:42> [Before Die] Name : SOSME Criminal : 1700, Level : 50 exp : 1710963, decExpItem : 0, IncExpItem : 0
B <21:25:42> [After Die] Name : SOSME Criminal : 1700, Level : 50 exp : 1708000
B <21:28:17> [Before Die] Name : ËªÖ®Ë¥ÉË Criminal : 2502, Level : 56 exp : 2776458, decExpItem : 0, IncExpItem : 0
B <21:28:17> [After Die] Name : ËªÖ®Ë¥ÉË Criminal : 2502, Level : 56 exp : 2770518
B <21:30:42> [Before Die] Name : ËªÖ®Ë¥ÉË Criminal : 2604, Level : 56 exp : 2817740, decExpItem : 0, IncExpItem : 0
B <21:30:42> [After Die] Name : ËªÖ®Ë¥ÉË Criminal : 2604, Level : 56 exp : 2811800
B <21:31:03> [Before Die] Name : ËªÖ®Ë¥ÉË Criminal : 2604, Level : 56 exp : 2812928, decExpItem : 0, IncExpItem : 0
B <21:31:03> [After Die] Name : ËªÖ®Ë¥ÉË Criminal : 2604, Level : 56 exp : 2806988
B <21:33:22> [Before Die] Name : ËªÖ®Ë¥ÉË Criminal : 2774, Level : 56 exp : 2863248, decExpItem : 0, IncExpItem : 0
B <21:33:22> [After Die] Name : ËªÖ®Ë¥ÉË Criminal : 2774, Level : 56 exp : 2857308
C <21:34:19> Double Exp Enabled!
B <21:34:50> [Before Die] Name : ËªÖ®Ë¥ÉË Criminal : 2806, Level : 56 exp : 2868890, decExpItem : 0, IncExpItem : 0
B <21:34:50> [After Die] Name : ËªÖ®Ë¥ÉË Criminal : 2806, Level : 56 exp : 2862950
B <21:35:11> [Before Die] Name : ËªÖ®Ë¥ÉË Criminal : 2806, Level : 56 exp : 2862950, decExpItem : 0, IncExpItem : 0
B <21:35:11> [After Die] Name : ËªÖ®Ë¥ÉË Criminal : 2806, Level : 56 exp : 2857010
B <21:35:30> [Before Die] Name : ËªÖ®Ë¥ÉË Criminal : 2806, Level : 56 exp : 2857010, decExpItem : 0, IncExpItem : 0
B <21:35:30> [After Die] Name : ËªÖ®Ë¥ÉË Criminal : 2806, Level : 56 exp : 2851070
B <21:35:49> [Before Die] Name : ËªÖ®Ë¥ÉË Criminal : 2806, Level : 56 exp : 2851070, decExpItem : 0, IncExpItem : 0
B <21:35:49> [After Die] Name : ËªÖ®Ë¥ÉË Criminal : 2806, Level : 56 exp : 2845130
B <21:36:13> [Before Die] Name : ËªÖ®Ë¥ÉË Criminal : 2806, Level : 56 exp : 2845130, decExpItem : 0, IncExpItem : 0
B <21:36:13> [After Die] Name : ËªÖ®Ë¥ÉË Criminal : 2806, Level : 56 exp : 2839190
B <21:37:47> [Before Die] Name : ËªÖ®Ë¥ÉË Criminal : 2831, Level : 56 exp : 2847286, decExpItem : 0, IncExpItem : 0
B <21:37:47> [After Die] Name : ËªÖ®Ë¥ÉË Criminal : 2831, Level : 56 exp : 2841346
B <21:38:09> [Before Die] Name : ËªÖ®Ë¥ÉË Criminal : 2831, Level : 56 exp : 2841346, decExpItem : 0, IncExpItem : 0
B <21:38:10> [After Die] Name : ËªÖ®Ë¥ÉË Criminal : 2831, Level : 56 exp : 2835406
C <21:41:13> Exp Gain : 100
C <21:41:15> Exp Gain : 200
C <21:41:16> Exp Gain : 300
C <21:41:17> Exp Gain : 400
C <21:41:20> Exp Gain : 300
C <21:41:20> Exp Gain : 200
C <21:41:21> Exp Gain : 100
C <21:41:24> Exp Gain : 200
B <21:42:33> [Before Die] Name : Ïã½¶Äã¸ö°Ìðø Criminal : 3542, Level : 53 exp : 2240570, decExpItem : 0, IncExpItem : 0
B <21:42:33> [After Die] Name : Ïã½¶Äã¸ö°Ìðø Criminal : 3542, Level : 53 exp : 2235560
C <21:44:28> Exp Gain : 100
G <21:47:52> UpdateUserDB Name : Ïã½¶Äã¸ö°Ìðø, Level : 54, Exp : 2418620
C <21:48:25> User that has invalid dungeon layer Entered!(Name:Ïã½¶Äã¸ö°Ìðø)
B <21:50:13> [Before Die] Name : ËªÖ®Ë¥ÉË Criminal : 3214, Level : 58 exp : 3169624, decExpItem : 0, IncExpItem : 0
B <21:50:13> [After Die] Name : ËªÖ®Ë¥ÉË Criminal : 3214, Level : 58 exp : 3162934
B <22:04:42> [Before Die] Name : ËªÖ®Ë¥ÉË Criminal : 3575, Level : 59 exp : 3498524, decExpItem : 0, IncExpItem : 0
B <22:04:42> [After Die] Name : ËªÖ®Ë¥ÉË Criminal : 3575, Level : 59 exp : 3491444
G <22:33:18> UpdateUserDB Name : ékÉñACT, Level : 53, Exp : 2242879
C <22:34:04> User that has invalid dungeon layer Entered!(Name:ékÉñACT)
