C <17:09:24> ########### CorumOnline - World Server Started! ###########
C <17:12:44> ########### CorumOnline - World Server Started! ###########
C <17:12:54> GuildInfo Load - Start
C <17:12:54> GuildInfo Load - End
C <17:13:24> Start! - Release BaseNetwork!
C <17:13:26> End! - Release BaseNetwork!
C <17:13:26> Start! - Release DB Component!
C <17:13:26> End! - Release DB Component!
C <17:13:26> Start! - CoUninitialize!
C <17:14:36> ########### CorumOnline - World Server Started! ###########
C <17:14:38> GuildInfo Load - Start
C <17:14:38> GuildInfo Load - End
G <17:29:09> WorldUserList Added! in QueryTypeUserInfo() (Name:È­¶û»ó¿ì)
G <17:29:09> <yakolla> e20004, 1 :: new m_pListRefreshFromDungeon
G <17:29:54> WorldUserList Added! in QueryTypeUserInfo() (Name:·³Â±)
G <17:29:54> <yakolla> e204f1, 2 :: new m_pListRefreshFromDungeon
G <17:33:10> WorldUserList Added! in QueryTypeUserInfo() (Name:À©µå¿öÄ¿)
G <17:33:10> <yakolla> e209de, 3 :: new m_pListRefreshFromDungeon
A <17:33:46> LoginAgent Server Disconnected! (ID=0)
C <17:33:46> Start! - Release BaseNetwork!
