B <17:35:28> Fail to Open TTB File!(307.ttb)
B <17:35:28> Fail to Open TTB File!(307.ttb)
B <17:35:28> Fail to Open TTB File!(514.ttb)
B <17:35:28> Fail to Open TTB File!(514.ttb)
B <17:35:28> Fail to Open TTB File!(402.ttb)
B <17:35:28> Fail to Open TTB File!(402.ttb)
B <17:35:28> Fail to Open TTB File!(105.ttb)
B <17:35:28> Fail to Open TTB File!(105.ttb)
B <17:35:29> Fail to Open TTB File!(511.ttb)
B <17:35:29> Fail to Open TTB File!(511.ttb)
B <17:35:29> Fail to Open TTB File!(308.ttb)
B <17:35:29> Fail to Open TTB File!(308.ttb)
B <17:35:29> Fail to Open TTB File!(403.ttb)
B <17:35:29> Fail to Open TTB File!(403.ttb)
B <17:35:29> Fail to Open TTB File!(310.ttb)
B <17:35:29> Fail to Open TTB File!(310.ttb)
B <17:35:29> Fail to Open TTB File!(105.ttb)
B <17:35:29> Fail to Open TTB File!(105.ttb)
B <17:35:29> Fail to Open TTB File!(113.ttb)
B <17:35:29> Fail to Open TTB File!(113.ttb)
B <17:35:29> Fail to Open TTB File!(307.ttb)
B <17:35:29> Fail to Open TTB File!(307.ttb)
B <17:35:29> Fail to Open TTB File!(602.ttb)
B <17:35:29> Fail to Open TTB File!(602.ttb)
B <17:35:29> Fail to Open TTB File!(609.ttb)
B <17:35:29> Fail to Open TTB File!(609.ttb)
B <17:35:29> Fail to Open TTB File!(610.ttb)
B <17:35:29> Fail to Open TTB File!(610.ttb)
B <17:35:29> Fail to Open TTB File!(603.ttb)
B <17:35:29> Fail to Open TTB File!(603.ttb)
B <17:35:29> Fail To Connect WorldServer! (IP:, Port:0)
C <17:35:36> ########### CorumZero Online - Village Server Started! ###########
C <17:38:11> ########### CorumZero Online - Village Server Started! ###########
C <17:42:29> ########### CorumZero Online - Village Server Started! ###########
B <17:42:35> Fail To Connect WorldServer! (IP:192.168.1.88, Port:17201)
C <17:42:45> Try to reconnect WorldServer! (IP:192.168.1.88, Port:17201)
B <17:42:46> Fail To Connect WorldServer! (IP:192.168.1.88, Port:17201)
C <17:42:55> Try to reconnect WorldServer! (IP:192.168.1.88, Port:17201)
C <19:57:16> ########### CorumZero Online - Village Server Started! ###########
C <19:58:32> Exp Gain : 100
C <19:58:51> Magic Item Drop Rate : 100
A <19:58:53> World Server Disconnected! Server Will Terminate...
C <22:10:52> ########### CorumZero Online - Village Server Started! ###########
