C <11:54:45> ########### CorumZero Online - Village Server Started! ###########
C <12:00:50> ########### CorumZero Online - Village Server Started! ###########
C <12:01:15> ########### CorumZero Online - Village Server Started! ###########
C <12:01:30> ########### CorumZero Online - Village Server Started! ###########
C <12:02:23> ########### CorumZero Online - Village Server Started! ###########
C <12:02:48> ########### CorumZero Online - Village Server Started! ###########
C <12:03:10> ########### CorumZero Online - Village Server Started! ###########
C <12:04:06> ########### CorumZero Online - Village Server Started! ###########
C <12:04:31> ########### CorumZero Online - Village Server Started! ###########
C <12:04:39> ########### CorumZero Online - Village Server Started! ###########
C <12:04:49> ########### CorumZero Online - Village Server Started! ###########
C <12:05:19> ########### CorumZero Online - Village Server Started! ###########
B <12:05:22> Fail to Open TTB File!(9.ttb)
A <12:23:48> World Server Disconnected! Server Will Terminate...
C <15:49:55> ########### CorumZero Online - Village Server Started! ###########
B <15:49:58> Fail to Open TTB File!(9.ttb)
A <16:00:11> World Server Disconnected! Server Will Terminate...
C <16:00:21> Try to reconnect WorldServer! (IP:192.168.1.88, Port:17201)
B <16:00:22> Fail To Connect WorldServer! (IP:192.168.1.88, Port:17201)
C <16:05:45> ########### CorumZero Online - Village Server Started! ###########
B <16:05:48> Fail to Open TTB File!(9.ttb)
A <16:10:06> World Server Disconnected! Server Will Terminate...
C <17:32:10> ########### CorumZero Online - Village Server Started! ###########
C <17:40:33> ########### CorumZero Online - Village Server Started! ###########
C <17:40:33> [Msg for DB] HRESULT: 80040e14, Minor Code: 2812, Source: Microsoft OLE DB Provider for SQL Server, Description: 找不到存储过程 'CZP_REQUEST_DUNGEON_INFO_DG'。, Query : CZP_REQUEST_DUNGEON_INFO_DG 16201
B <17:40:33> Fail to Query DungeonInfo!(Port=16201)
C <17:40:33> [Msg for DB] HRESULT: 80040e14, Minor Code: 2812, Source: Microsoft OLE DB Provider for SQL Server, Description: 找不到存储过程 'CZP_RESET_ITEM_SERIAL'。, Query : CZP_RESET_ITEM_SERIAL 16201
B <17:40:33> Fail to Reset ItemSerialCount!(Port=16201)
C <17:40:36> ########### CorumZero Online - Village Server Started! ###########
C <17:40:36> [Msg for DB] HRESULT: 80040e14, Minor Code: 2812, Source: Microsoft OLE DB Provider for SQL Server, Description: 找不到存储过程 'CZP_REQUEST_DUNGEON_INFO_DG'。, Query : CZP_REQUEST_DUNGEON_INFO_DG 16201
B <17:40:36> Fail to Query DungeonInfo!(Port=16201)
C <17:40:36> [Msg for DB] HRESULT: 80040e14, Minor Code: 2812, Source: Microsoft OLE DB Provider for SQL Server, Description: 找不到存储过程 'CZP_RESET_ITEM_SERIAL'。, Query : CZP_RESET_ITEM_SERIAL 16201
B <17:40:36> Fail to Reset ItemSerialCount!(Port=16201)
C <17:40:38> ########### CorumZero Online - Village Server Started! ###########
C <17:40:38> [Msg for DB] HRESULT: 80040e14, Minor Code: 2812, Source: Microsoft OLE DB Provider for SQL Server, Description: 找不到存储过程 'CZP_REQUEST_DUNGEON_INFO_DG'。, Query : CZP_REQUEST_DUNGEON_INFO_DG 16201
B <17:40:38> Fail to Query DungeonInfo!(Port=16201)
C <17:40:38> [Msg for DB] HRESULT: 80040e14, Minor Code: 2812, Source: Microsoft OLE DB Provider for SQL Server, Description: 找不到存储过程 'CZP_RESET_ITEM_SERIAL'。, Query : CZP_RESET_ITEM_SERIAL 16201
B <17:40:38> Fail to Reset ItemSerialCount!(Port=16201)
C <17:40:39> ########### CorumZero Online - Village Server Started! ###########
C <17:40:39> [Msg for DB] HRESULT: 80040e14, Minor Code: 2812, Source: Microsoft OLE DB Provider for SQL Server, Description: 找不到存储过程 'CZP_REQUEST_DUNGEON_INFO_DG'。, Query : CZP_REQUEST_DUNGEON_INFO_DG 16201
B <17:40:39> Fail to Query DungeonInfo!(Port=16201)
C <17:40:39> [Msg for DB] HRESULT: 80040e14, Minor Code: 2812, Source: Microsoft OLE DB Provider for SQL Server, Description: 找不到存储过程 'CZP_RESET_ITEM_SERIAL'。, Query : CZP_RESET_ITEM_SERIAL 16201
B <17:40:39> Fail to Reset ItemSerialCount!(Port=16201)
C <17:40:41> ########### CorumZero Online - Village Server Started! ###########
C <17:40:41> [Msg for DB] HRESULT: 80040e14, Minor Code: 2812, Source: Microsoft OLE DB Provider for SQL Server, Description: 找不到存储过程 'CZP_REQUEST_DUNGEON_INFO_DG'。, Query : CZP_REQUEST_DUNGEON_INFO_DG 16201
B <17:40:41> Fail to Query DungeonInfo!(Port=16201)
C <17:40:41> [Msg for DB] HRESULT: 80040e14, Minor Code: 2812, Source: Microsoft OLE DB Provider for SQL Server, Description: 找不到存储过程 'CZP_RESET_ITEM_SERIAL'。, Query : CZP_RESET_ITEM_SERIAL 16201
B <17:40:41> Fail to Reset ItemSerialCount!(Port=16201)
