C <18:33:24> ########### CorumOnline - World Server Started! ###########
C <18:33:27> [Msg for DB] HRESULT: 80040e37, Minor Code: 208, Source: Microsoft OLE DB Provider for SQL Server, Description: «ª«Ö«¸«§«¯«ÈÙ£ 'GuildDungeonTable' ªÏÙí?ªÇª¹¡£, Query : Select * from GuildDungeonTable
B <18:33:28> Fail to query GuildDungeonTable!
C <18:33:28> GuildInfo Load - Start
C <18:33:29> GuildInfo Load - End
G <18:36:10> WorldUserList Added! in QueryTypeUserInfo() (Name:TestFighter01)
G <18:36:10> <yakolla> ce0004, 1 :: new m_pListRefreshFromDungeon
C <18:39:37> ########### CorumOnline - World Server Started! ###########
C <18:39:41> [Msg for DB] HRESULT: 80040e37, Minor Code: 208, Source: Microsoft OLE DB Provider for SQL Server, Description: «ª«Ö«¸«§«¯«ÈÙ£ 'GuildDungeonTable' ªÏÙí?ªÇª¹¡£, Query : Select * from GuildDungeonTable
B <18:39:41> Fail to query GuildDungeonTable!
C <18:39:41> GuildInfo Load - Start
C <18:39:43> GuildInfo Load - End
G <18:45:49> WorldUserList Added! in QueryTypeUserInfo() (Name:TestFighter01)
G <18:45:50> <yakolla> ce0004, 1 :: new m_pListRefreshFromDungeon
G <18:46:06> WorldUserList Removed! in CmdDungeonJoinSuccess() (Name:TestFighter01)
G <18:48:05> WorldUserList Added! in CmdGoToWorldSuccess() (Name:TestFighter01)
B <18:48:13> Invalid Level, DungeonID : 3002, Name : TestFighter01
G <18:52:42> WorldUserList Removed! in CmdDungeonJoinSuccess() (Name:TestFighter01)
G <18:52:51> WorldUserList Added! in CmdGoToWorldSuccess() (Name:TestFighter01)
B <18:52:56> Invalid Level, DungeonID : 3003, Name : TestFighter01
G <18:53:02> WorldUserList Removed! in CmdDungeonJoinSuccess() (Name:TestFighter01)
C <18:53:57> Unanswered User Disconnected! (Name:TestFighter01, IP:203.238.38.179, Gap:0)
B <18:53:57> Unknown packet received!(203.238.38.179), (bStatus:4, bHeader:110)
B <18:53:57> Unknown packet received!(203.238.38.179), (bStatus:4, bHeader:255)
C <18:55:34> ########### CorumOnline - World Server Started! ###########
C <18:55:42> [Msg for DB] HRESULT: 80040e37, Minor Code: 208, Source: Microsoft OLE DB Provider for SQL Server, Description: «ª«Ö«¸«§«¯«ÈÙ£ 'GuildDungeonTable' ªÏÙí?ªÇª¹¡£, Query : Select * from GuildDungeonTable
B <18:55:42> Fail to query GuildDungeonTable!
C <18:55:43> GuildInfo Load - Start
C <18:55:44> GuildInfo Load - End
G <18:56:52> WorldUserList Added! in QueryTypeUserInfo() (Name:TestFighter01)
G <18:56:52> <yakolla> ce0004, 1 :: new m_pListRefreshFromDungeon
G <18:56:59> WorldUserList Removed! in CmdDungeonJoinSuccess() (Name:TestFighter01)
A <18:57:59> Village Server Disconnected! (ID=6201)
A <18:58:03> Dungeon Server Disconnected! (ID=4201)
A <18:58:07> LoginAgent Server Disconnected! (ID=0)
C <18:58:08> Start! - delete Certain IP List!
C <18:58:08> End! - delete Certain IP List!
C <18:58:08> Start! - delete AcceptTable!
C <18:58:08> Start! - delete AcceptTable!
C <18:58:08> Start! - delete DungeonTable!
C <18:58:08> End! - delete DungeonTable!
C <18:58:08> Start! - delete EventDungeonManager!
C <18:58:08> End! - delete EventDungeonManager!
C <18:58:08> Start! - delete CConnectionDistributionTable!
C <18:58:08> End! - delete CConnectionDistributionTable!
C <18:58:08> Start! - delete SchoolGuildTable!
C <18:58:08> End! - delete SchoolGuildTable!
C <18:58:08> Start! - delete GuildTable!
C <18:58:08> End! - delete GuildTable!
C <18:58:08> Start! - delete PartyTable!
C <18:58:08> End! - delete PartyTable!
C <18:58:08> Start unloading notice messgae data.
C <18:58:08> End unloading notice message data.
C <18:58:08> Start! - delete GroupTable!
C <18:58:08> End! - delete GorupTable!
C <18:58:08> Start! - Release GuildOfflinePool Pool!
C <18:58:08> End! - Release GuildOfflinePool Pool!
C <18:58:08> Start! - Release GroupTable Pool!
C <18:58:08> End! - Release GroupTable Pool!
C <18:58:08> Start! - Release GuildTable Pool!
C <18:58:08> End! - Release GuildTable Pool!
C <18:58:08> Start! - Release GuildUser Pool!
C <18:58:08> End! - Release GuildUser Pool!
C <18:58:08> Start! - Release PartyTable Pool!
C <18:58:08> End! - Release PartyTable Pool!
C <18:58:08> Start! - Release PartyUser Pool!
C <18:58:08> Start! - Delete UserTable!
C <18:58:08> End! - Delete UserTable!
C <18:58:08> Start! - Delete ServerTable!
C <18:58:08> End! - Delete ServerTable!
C <18:58:08> Start! - Delete OwnServerInfo!
C <18:58:08> End! - Delete OwnServerInfo!
C <18:58:08> Start! - Release Session Table!
C <18:58:08> End! - Release Session Table!
C <18:58:09> Start! - Release BaseNetwork!
C <18:58:10> End! - Release BaseNetwork!
C <18:58:10> Start! - Release DB Component!
