C <14:24:46> ########### CorumOnline - World Server Started! ###########
C <14:27:58> ########### CorumOnline - World Server Started! ###########
C <14:32:16> ########### CorumOnline - World Server Started! ###########
C <14:32:18> GuildInfo Load - Start
C <14:32:18> GuildInfo Load - End
B <14:33:00> Fail To Connect LoginAgent Server! (IP:222.106.120.46, Port:17100)
C <15:45:20> ########### CorumOnline - World Server Started! ###########
C <15:45:22> GuildInfo Load - Start
C <15:45:22> GuildInfo Load - End
B <16:17:00> Fail To Connect LoginAgent Server! (IP:222.106.120.46, Port:17100)
B <16:17:07> Server That has Invalid ID Try to Login!(ID=6006)
C <16:18:58> ########### CorumOnline - World Server Started! ###########
C <16:19:00> GuildInfo Load - Start
C <16:19:00> GuildInfo Load - End
C <16:19:18> Fail to attach LoginAgent Server! (ErrorCode:2)
B <16:19:24> Server That has Invalid ID Try to Login!(ID=6006)
C <16:23:11> ########### CorumOnline - World Server Started! ###########
C <16:23:13> GuildInfo Load - Start
C <16:23:13> GuildInfo Load - End
C <16:23:30> Fail to attach LoginAgent Server! (ErrorCode:2)
C <16:26:18> ########### CorumOnline - World Server Started! ###########
C <16:26:20> GuildInfo Load - Start
C <16:26:20> GuildInfo Load - End
C <16:27:36> ########### CorumOnline - World Server Started! ###########
C <16:27:38> GuildInfo Load - Start
C <16:27:38> GuildInfo Load - End
B <16:28:00> Server That has Invalid ID Try to Login!(ID=6006)
C <16:28:22> Unattached Server Disconnected! (IP=222.106.120.46)
B <16:29:31> Invalid Server IP Address Connected! Check ServerTable For System DB!(222.106.120.46)
C <16:32:37> Unattached Server Disconnected! (IP=222.106.120.46)
B <16:32:48> Invalid Server IP Address Connected! Check ServerTable For System DB!(222.106.120.46)
C <16:33:00> Unattached Server Disconnected! (IP=222.106.120.46)
B <16:33:23> Invalid Server IP Address Connected! Check ServerTable For System DB!(222.106.120.46)
C <16:34:22> Unattached Server Disconnected! (IP=222.106.120.46)
B <16:34:25> Invalid Server IP Address Connected! Check ServerTable For System DB!(222.106.120.46)
B <16:34:38> Invalid Server IP Address Connected! Check ServerTable For System DB!(222.106.120.46)
A <16:34:51> LoginAgent Server Disconnected! (ID=0)
C <16:34:52> Start! - delete Certain IP List!
C <16:34:52> End! - delete Certain IP List!
C <16:34:52> Start! - delete AcceptTable!
C <16:34:52> Start! - delete AcceptTable!
C <16:34:52> Start! - delete DungeonTable!
C <16:34:52> End! - delete DungeonTable!
C <16:34:52> Start! - delete EventDungeonManager!
C <16:34:52> End! - delete EventDungeonManager!
C <16:34:52> Start! - delete GuildTable!
C <16:34:53> End! - delete GuildTable!
C <16:34:53> Start! - delete PartyTable!
C <16:34:53> End! - delete PartyTable!
C <16:34:53> Start unloading notice messgae data.
C <16:34:53> End unloading notice message data.
C <16:34:53> Start! - delete GroupTable!
C <16:34:53> End! - delete GorupTable!
C <16:34:53> Start! - Release GuildOfflinePool Pool!
C <16:34:53> End! - Release GuildOfflinePool Pool!
C <16:34:53> Start! - Release GroupTable Pool!
C <16:34:53> End! - Release GroupTable Pool!
C <16:34:53> Start! - Release GuildTable Pool!
C <16:34:53> End! - Release GuildTable Pool!
C <16:34:53> Start! - Release GuildUser Pool!
C <16:34:53> End! - Release GuildUser Pool!
C <16:34:53> Start! - Release PartyTable Pool!
C <16:34:53> End! - Release PartyTable Pool!
C <16:34:53> Start! - Release PartyUser Pool!
C <16:34:53> Start! - Delete UserTable!
C <16:34:53> End! - Delete UserTable!
C <16:34:53> Start! - Delete ServerTable!
C <16:34:53> End! - Delete ServerTable!
C <16:34:53> Start! - Delete OwnServerInfo!
C <16:34:53> End! - Delete OwnServerInfo!
C <16:34:55> Start! - Release BaseNetwork!
C <16:34:57> End! - Release BaseNetwork!
C <16:34:57> Start! - Release DB Component!
C <16:34:57> End! - Release DB Component!
C <16:34:57> Start! - CoUninitialize!
C <16:49:18> ########### CorumOnline - World Server Started! ###########
C <16:49:20> GuildInfo Load - Start
C <16:49:20> GuildInfo Load - End
B <17:07:25> Invalid Server IP Address Connected! Check ServerTable For System DB!(222.106.120.46)
A <17:56:17> LoginAgent Server Disconnected! (ID=0)
C <17:56:17> Start! - delete Certain IP List!
C <17:56:17> End! - delete Certain IP List!
C <17:56:17> Start! - delete AcceptTable!
C <17:56:17> Start! - delete AcceptTable!
C <17:56:17> Start! - delete DungeonTable!
C <17:56:17> End! - delete DungeonTable!
C <17:56:17> Start! - delete EventDungeonManager!
C <17:56:17> End! - delete EventDungeonManager!
C <17:56:18> Start! - delete GuildTable!
C <17:56:18> End! - delete GuildTable!
C <17:56:18> Start! - delete PartyTable!
C <17:56:18> End! - delete PartyTable!
C <17:56:18> Start unloading notice messgae data.
C <17:56:18> End unloading notice message data.
C <17:56:18> Start! - delete GroupTable!
C <17:56:18> End! - delete GorupTable!
C <17:56:18> Start! - Release GuildOfflinePool Pool!
C <17:56:18> End! - Release GuildOfflinePool Pool!
C <17:56:18> Start! - Release GroupTable Pool!
C <17:56:18> End! - Release GroupTable Pool!
C <17:56:18> Start! - Release GuildTable Pool!
C <17:56:18> End! - Release GuildTable Pool!
C <17:56:18> Start! - Release GuildUser Pool!
C <17:56:18> End! - Release GuildUser Pool!
C <17:56:18> Start! - Release PartyTable Pool!
C <17:56:18> End! - Release PartyTable Pool!
C <17:56:18> Start! - Release PartyUser Pool!
C <17:56:18> Start! - Delete UserTable!
C <17:56:18> End! - Delete UserTable!
C <17:56:18> Start! - Delete ServerTable!
C <17:56:18> End! - Delete ServerTable!
C <17:56:18> Start! - Delete OwnServerInfo!
C <17:56:18> End! - Delete OwnServerInfo!
C <17:56:19> Start! - Release BaseNetwork!
C <17:56:22> End! - Release BaseNetwork!
C <17:56:22> Start! - Release DB Component!
C <17:56:23> End! - Release DB Component!
C <17:56:23> Start! - CoUninitialize!
C <17:56:52> ########### CorumOnline - World Server Started! ###########
C <17:57:02> GuildInfo Load - Start
C <17:57:02> GuildInfo Load - End
B <17:57:20> Invalid Server IP Address Connected! Check ServerTable For System DB!(222.106.120.46)
G <18:17:08> WorldUserList Added! in QueryTypeUserInfo() (Name:hwoarang)
G <18:17:08> <yakolla> e80004, 1 :: new m_pListRefreshFromDungeon
C <18:20:38> Unattached Server Disconnected! (IP=222.106.120.46)
B <18:20:51> Invalid Server IP Address Connected! Check ServerTable For System DB!(222.106.120.46)
C <18:21:29> ########### CorumOnline - World Server Started! ###########
C <18:21:31> GuildInfo Load - Start
C <18:21:31> GuildInfo Load - End
B <18:24:01> Request CharacterIndex is already accepted! (AcmdAddNewUser Function!)
B <18:25:10> Request CharacterIndex is already accepted! (AcmdAddNewUser Function!)
G <18:25:10> WorldUserList Added! in QueryTypeUserInfo() (Name:hwoarang)
G <18:25:10> <yakolla> e80004, 3 :: new m_pListRefreshFromDungeon
G <18:25:23> WorldUserList Removed! in CmdDungeonJoinSuccess() (Name:hwoarang)
C <18:26:20> Start! - delete Certain IP List!
C <18:26:20> End! - delete Certain IP List!
C <18:26:20> Start! - delete AcceptTable!
C <18:26:20> Start! - delete AcceptTable!
C <18:26:20> Start! - delete DungeonTable!
C <18:26:20> End! - delete DungeonTable!
C <18:26:20> Start! - delete EventDungeonManager!
C <18:26:20> End! - delete EventDungeonManager!
C <18:26:20> Start! - delete GuildTable!
C <18:26:20> End! - delete GuildTable!
C <18:26:20> Start! - delete PartyTable!
C <18:26:20> End! - delete PartyTable!
C <18:26:20> Start unloading notice messgae data.
C <18:26:20> End unloading notice message data.
C <18:26:20> Start! - delete GroupTable!
C <18:26:20> End! - delete GorupTable!
C <18:26:20> Start! - Release GuildOfflinePool Pool!
C <18:26:20> End! - Release GuildOfflinePool Pool!
C <18:26:20> Start! - Release GroupTable Pool!
C <18:26:20> End! - Release GroupTable Pool!
C <18:26:20> Start! - Release GuildTable Pool!
C <18:26:20> End! - Release GuildTable Pool!
C <18:26:20> Start! - Release GuildUser Pool!
C <18:26:20> End! - Release GuildUser Pool!
C <18:26:20> Start! - Release PartyTable Pool!
C <18:26:20> End! - Release PartyTable Pool!
C <18:26:20> Start! - Release PartyUser Pool!
C <18:26:20> Start! - Delete UserTable!
C <18:26:20> End! - Delete UserTable!
C <18:26:20> Start! - Delete ServerTable!
C <18:26:20> End! - Delete ServerTable!
C <18:26:20> Start! - Delete OwnServerInfo!
C <18:26:20> End! - Delete OwnServerInfo!
C <18:26:20> Start! - Release BaseNetwork!
C <18:26:22> End! - Release BaseNetwork!
C <18:26:22> Start! - Release DB Component!
C <18:26:22> End! - Release DB Component!
C <18:26:22> Start! - CoUninitialize!
